<?xml version="1.0" encoding="UTF-8"?>
<!-- Generated by org.testng.reporters.JUnitReportReporter -->
<testsuite hostname="DESKTOP-16K4T19" failures="0" tests="2" name="CucumberOptions.TestRunner" time="20.927" errors="0" timestamp="2023-02-27T04:36:40 IST" skipped="0">
  <testcase classname="CucumberOptions.TestRunner" name="runScenario" time="13.669"/>
  <system-out/>
  <testcase classname="CucumberOptions.TestRunner" name="runScenario" time="7.258"/>
  <system-out/>
</testsuite> <!-- CucumberOptions.TestRunner -->
